2018-04-10 21:32:27 INFO  ApacheHttpClient.testConnection(196) - result = true
2018-04-10 21:32:27 INFO  ApacheHttpClient.completed(27) - responseCode = 200
2018-04-10 21:32:30 INFO  ApacheHttpClient.testConnection(188) - responseCode = 200
2018-04-10 21:32:30 INFO  ApacheHttpClient.testConnection(196) - result = true
2018-04-10 21:33:13 INFO  ApacheHttpClient.sendEvent(464) - responseCode = 200
2018-04-10 21:34:13 INFO  ApacheHttpClient.sendEvent(464) - responseCode = 200
2018-04-10 21:35:02 INFO  ApacheHttpClient.getWebResourceAsStream(431) - responseCode = 200
2018-04-10 21:35:03 INFO  ApacheHttpClient.getWebResourceAsStream(431) - responseCode = 200
2018-04-10 21:35:03 INFO  ApacheHttpClient.getTask(416) - responseCode = 200
2018-04-10 21:35:05 INFO  ApacheHttpClient.completed(27) - responseCode = 200
2018-04-10 21:35:13 INFO  ApacheHttpClient.sendEvent(464) - responseCode = 200
2018-04-10 21:36:13 INFO  ApacheHttpClient.sendEvent(464) - responseCode = 200
2018-04-10 21:37:13 INFO  ApacheHttpClient.sendEvent(464) - responseCode = 200
2018-04-10 21:37:39 INFO  ApacheHttpClient.getWebResourceAsStream(431) - responseCode = 200
2018-04-10 21:37:40 INFO  ApacheHttpClient.getTask(416) - responseCode = 200
2018-04-10 21:37:40 INFO  ApacheHttpClient.getWebResourceAsStream(431) - responseCode = 200
2018-04-10 21:37:42 INFO  ApacheHttpClient.completed(27) - responseCode = 200
2018-04-10 21:37:42 INFO  ApacheHttpClient.getTask(416) - responseCode = 200
2018-04-10 21:38:05 INFO  ApacheHttpClient.getWebResourceAsStream(431) - responseCode = 200
2018-04-10 21:38:05 WARN  JavaRushUtil.getCurrentTask(68) - Ошибка получения ключа задачи.
2018-04-10 21:38:08 INFO  ApacheHttpClient.getTask(416) - responseCode = 200
2018-04-10 21:38:13 INFO  ApacheHttpClient.sendEvent(464) - responseCode = 200
2018-04-10 21:39:13 INFO  ApacheHttpClient.sendEvent(464) - responseCode = 200
2018-04-10 21:40:13 INFO  ApacheHttpClient.sendEvent(464) - responseCode = 200
2018-04-10 21:41:13 INFO  ApacheHttpClient.sendEvent(464) - responseCode = 200
2018-04-10 21:42:13 INFO  ApacheHttpClient.sendEvent(464) - responseCode = 200
2018-04-10 21:43:13 INFO  ApacheHttpClient.sendEvent(464) - responseCode = 200
2018-04-10 21:44:13 INFO  ApacheHttpClient.sendEvent(464) - responseCode = 200
2018-04-10 21:45:14 INFO  ApacheHttpClient.sendEvent(464) - responseCode = 200
2018-04-10 21:46:13 INFO  ApacheHttpClient.sendEvent(464) - responseCode = 200
2018-04-10 21:47:13 INFO  ApacheHttpClient.sendEvent(464) - responseCode = 200
2018-04-10 21:48:14 INFO  ApacheHttpClient.sendEvent(464) - responseCode = 200
2018-04-10 21:49:13 INFO  ApacheHttpClient.sendEvent(464) - responseCode = 200
2018-04-10 21:50:14 INFO  ApacheHttpClient.sendEvent(464) - responseCode = 200
2018-04-10 21:51:14 INFO  ApacheHttpClient.sendEvent(464) - responseCode = 200
2018-04-10 21:52:14 INFO  ApacheHttpClient.sendEvent(464) - responseCode = 200
2018-04-10 21:53:14 INFO  ApacheHttpClient.sendEvent(464) - responseCode = 200
2018-04-10 21:54:14 INFO  ApacheHttpClient.sendEvent(464) - responseCode = 200
2018-04-10 21:55:14 INFO  ApacheHttpClient.sendEvent(464) - responseCode = 200
2018-04-10 21:56:14 INFO  ApacheHttpClient.sendEvent(464) - responseCode = 200
2018-04-10 21:57:14 INFO  ApacheHttpClient.sendEvent(464) - responseCode = 200
2018-04-10 21:58:14 INFO  ApacheHttpClient.sendEvent(464) - responseCode = 200
2018-04-10 21:59:14 INFO  ApacheHttpClient.sendEvent(464) - responseCode = 200
2018-04-10 22:00:14 INFO  ApacheHttpClient.sendEvent(464) - responseCode = 200
2018-04-10 22:01:14 INFO  ApacheHttpClient.sendEvent(464) - responseCode = 200
2018-04-10 22:02:14 INFO  ApacheHttpClient.sendEvent(464) - responseCode = 200
2018-04-10 22:03:14 INFO  ApacheHttpClient.sendEvent(464) - responseCode = 200
2018-04-10 22:04:14 INFO  ApacheHttpClient.sendEvent(464) - responseCode = 200
2018-04-10 22:05:14 INFO  ApacheHttpClient.sendEvent(464) - responseCode = 200
2018-04-10 22:06:14 INFO  ApacheHttpClient.sendEvent(464) - responseCode = 200
2018-04-10 22:07:14 INFO  ApacheHttpClient.sendEvent(464) - responseCode = 200
2018-04-10 22:08:14 INFO  ApacheHttpClient.sendEvent(464) - responseCode = 200
2018-04-10 22:09:14 INFO  ApacheHttpClient.sendEvent(464) - responseCode = 200
2018-04-10 22:10:14 INFO  ApacheHttpClient.sendEvent(464) - responseCode = 200
2018-04-10 22:10:40 INFO  ApacheHttpClient.getWebResourceAsStream(431) - responseCode = 200
2018-04-10 22:10:41 INFO  ApacheHttpClient.getFilteredTasks(318) - responseCode = 200
2018-04-10 22:10:44 INFO  ApacheHttpClient.getTaskTemplateInfo(335) - responseCode = 200
2018-04-10 22:10:45 INFO  ApacheHttpClient.testConnection(188) - responseCode = 200
2018-04-10 22:10:45 INFO  ApacheHttpClient.testConnection(196) - result = true
2018-04-10 22:10:45 INFO  ApacheHttpClient.testConnection(188) - responseCode = 200
2018-04-10 22:10:45 INFO  ApacheHttpClient.testConnection(196) - result = true
2018-04-10 22:10:45 INFO  ApacheHttpClient.getWebResourceAsStream(431) - responseCode = 200
2018-04-10 22:11:14 INFO  ApacheHttpClient.sendEvent(464) - responseCode = 200
2018-04-10 22:12:14 INFO  ApacheHttpClient.sendEvent(464) - responseCode = 200
2018-04-10 22:13:14 INFO  ApacheHttpClient.sendEvent(464) - responseCode = 200
2018-04-10 22:14:14 INFO  ApacheHttpClient.sendEvent(464) - responseCode = 200
2018-04-10 22:15:14 INFO  ApacheHttpClient.sendEvent(464) - responseCode = 200
2018-04-10 22:16:14 INFO  ApacheHttpClient.sendEvent(464) - responseCode = 200
2018-04-10 22:17:14 INFO  ApacheHttpClient.sendEvent(464) - responseCode = 200
2018-04-10 22:18:14 INFO  ApacheHttpClient.sendEvent(464) - responseCode = 200
2018-04-10 22:19:14 INFO  ApacheHttpClient.sendEvent(464) - responseCode = 200
2018-04-10 22:20:14 INFO  ApacheHttpClient.sendEvent(464) - responseCode = 200
2018-04-10 22:21:14 INFO  ApacheHttpClient.sendEvent(464) - responseCode = 200
2018-04-10 22:22:13 INFO  ApacheHttpClient.sendEvent(464) - responseCode = 200
2018-04-10 22:23:13 INFO  ApacheHttpClient.sendEvent(464) - responseCode = 200
2018-04-10 22:24:13 INFO  ApacheHttpClient.sendEvent(464) - responseCode = 200
2018-04-10 22:25:13 INFO  ApacheHttpClient.sendEvent(464) - responseCode = 200
2018-04-10 22:26:13 INFO  ApacheHttpClient.sendEvent(464) - responseCode = 200
2018-04-10 22:27:13 INFO  ApacheHttpClient.sendEvent(464) - responseCode = 200
2018-04-10 22:28:13 INFO  ApacheHttpClient.sendEvent(464) - responseCode = 200
2018-04-10 22:29:13 INFO  ApacheHttpClient.sendEvent(464) - responseCode = 200
2018-04-10 22:30:13 INFO  ApacheHttpClient.sendEvent(464) - responseCode = 200
2018-04-10 22:31:13 INFO  ApacheHttpClient.sendEvent(464) - responseCode = 200
2018-04-10 22:32:13 INFO  ApacheHttpClient.sendEvent(464) - responseCode = 200
2018-04-10 22:33:13 INFO  ApacheHttpClient.sendEvent(464) - responseCode = 200
2018-04-10 22:34:14 INFO  ApacheHttpClient.sendEvent(464) - responseCode = 200
2018-04-10 22:35:13 INFO  ApacheHttpClient.sendEvent(464) - responseCode = 200
2018-04-10 22:36:13 INFO  ApacheHttpClient.sendEvent(464) - responseCode = 200
2018-04-10 22:37:13 INFO  ApacheHttpClient.sendEvent(464) - responseCode = 200
2018-04-10 22:38:13 INFO  ApacheHttpClient.sendEvent(464) - responseCode = 200
2018-04-10 22:39:13 INFO  ApacheHttpClient.sendEvent(464) - responseCode = 200
2018-04-10 22:40:13 INFO  ApacheHttpClient.sendEvent(464) - responseCode = 200
2018-04-10 22:41:13 INFO  ApacheHttpClient.sendEvent(464) - responseCode = 200
2018-04-10 22:42:13 INFO  ApacheHttpClient.sendEvent(464) - responseCode = 200
2018-04-10 22:43:13 INFO  ApacheHttpClient.sendEvent(464) - responseCode = 200
2018-04-10 22:44:13 INFO  ApacheHttpClient.sendEvent(464) - responseCode = 200
2018-04-10 22:45:13 INFO  ApacheHttpClient.sendEvent(464) - responseCode = 200
2018-04-10 22:46:13 INFO  ApacheHttpClient.sendEvent(464) - responseCode = 200
2018-04-10 22:47:13 INFO  ApacheHttpClient.sendEvent(464) - responseCode = 200
2018-04-10 22:48:13 INFO  ApacheHttpClient.sendEvent(464) - responseCode = 200
2018-04-10 22:49:13 INFO  ApacheHttpClient.sendEvent(464) - responseCode = 200
2018-04-10 22:50:13 INFO  ApacheHttpClient.sendEvent(464) - responseCode = 200
2018-04-10 22:51:13 INFO  ApacheHttpClient.sendEvent(464) - responseCode = 200
2018-04-10 22:52:13 INFO  ApacheHttpClient.sendEvent(464) - responseCode = 200
2018-04-10 22:53:13 INFO  ApacheHttpClient.sendEvent(464) - responseCode = 200
2018-04-10 22:54:13 INFO  ApacheHttpClient.sendEvent(464) - responseCode = 200
2018-04-10 22:55:13 INFO  ApacheHttpClient.sendEvent(464) - responseCode = 200
2018-04-10 22:56:13 INFO  ApacheHttpClient.sendEvent(464) - responseCode = 200
2018-04-10 22:57:13 INFO  ApacheHttpClient.sendEvent(464) - responseCode = 200
2018-04-10 22:58:13 INFO  ApacheHttpClient.sendEvent(464) - responseCode = 200
2018-04-10 22:59:06 INFO  ApacheHttpClient.getWebResourceAsStream(431) - responseCode = 200
2018-04-10 22:59:07 INFO  ApacheHttpClient.getTask(416) - responseCode = 200
2018-04-10 22:59:13 INFO  ApacheHttpClient.sendEvent(464) - responseCode = 200
2018-04-10 23:00:13 INFO  ApacheHttpClient.sendEvent(464) - responseCode = 200
2018-04-10 23:01:13 INFO  ApacheHttpClient.sendEvent(464) - responseCode = 200
2018-04-10 23:02:13 INFO  ApacheHttpClient.sendEvent(464) - responseCode = 200
2018-04-10 23:03:13 INFO  ApacheHttpClient.sendEvent(464) - responseCode = 200
2018-04-10 23:04:13 INFO  ApacheHttpClient.sendEvent(464) - responseCode = 200
2018-04-10 23:05:13 INFO  ApacheHttpClient.sendEvent(464) - responseCode = 200
2018-04-10 23:06:13 INFO  ApacheHttpClient.sendEvent(464) - responseCode = 200
2018-04-10 23:07:13 INFO  ApacheHttpClient.sendEvent(464) - responseCode = 200
2018-04-10 23:08:13 INFO  ApacheHttpClient.sendEvent(464) - responseCode = 200
2018-04-10 23:09:13 INFO  ApacheHttpClient.sendEvent(464) - responseCode = 200
2018-04-10 23:10:13 INFO  ApacheHttpClient.sendEvent(464) - responseCode = 200
2018-04-10 23:11:13 INFO  ApacheHttpClient.sendEvent(464) - responseCode = 200
2018-04-10 23:12:13 INFO  ApacheHttpClient.sendEvent(464) - responseCode = 200
2018-04-10 23:13:13 INFO  ApacheHttpClient.sendEvent(464) - responseCode = 200
2018-04-10 23:14:13 INFO  ApacheHttpClient.sendEvent(464) - responseCode = 200
2018-04-10 23:15:13 INFO  ApacheHttpClient.sendEvent(464) - responseCode = 200
2018-04-10 23:15:23 INFO  JavaRushTasksProjectComponent.projectClosing(165) - ---------- Project JavaRushTasks closed ----------

2018-04-10 23:15:23 INFO  ApacheHttpClient.getTask(416) - responseCode = 200
2018-04-10 23:15:23 INFO  ApacheHttpClient.getTask(416) - responseCode = 200
2018-04-13 20:35:30 INFO  JavaRushTasksProjectComponent.projectOpened(68) - ---------- Project JavaRushTasks opened ----------
2018-04-13 20:35:30 INFO  JavaRushTasksProjectComponent.projectOpened(69) - ---------- Version 3.16 ----------

2018-04-13 20:35:30 INFO  ApacheHttpClient.createAsyncHttpClient(130) - Выбрано 1 прокси. Тип : DIRECT
2018-04-13 20:35:30 INFO  ApacheHttpClient.<init>(88) - ApacheHttpClient проинстанциирован успешно.
2018-04-13 20:35:31 INFO  ApacheHttpClient.testConnection(188) - responseCode = 200
2018-04-13 20:35:31 INFO  ApacheHttpClient.testConnection(196) - result = true
2018-04-13 20:35:32 INFO  ApacheHttpClient.login(220) - Ожидание ответа сервера.
2018-04-13 20:35:32 INFO  ApacheHttpClient.login(220) - Ожидание ответа сервера.
2018-04-13 20:35:32 INFO  ApacheHttpClient.login(220) - Ожидание ответа сервера.
2018-04-13 20:35:32 INFO  ApacheHttpClient.login(224) - responseCode = 200
2018-04-13 20:35:32 INFO  ApacheHttpClient.login(255) - JSESSIONID=A4BB54A96314A1B0A26A6E172B024F41
2018-04-13 20:35:32 INFO  ApacheHttpClient.refreshUserInfo(283) - responseCode = 200
2018-04-13 20:35:32 INFO  ApacheHttpClient.refreshUserInfo(289) - Информация о пользователе получена.
2018-04-13 20:35:32 INFO  ApacheHttpClient.startGA(31) - GAService запущен.
2018-04-13 20:35:32 INFO  AbstractRestApiClient.startService(70) - EventsService запущен.
2018-04-13 20:36:33 INFO  ApacheHttpClient.sendEvent(464) - responseCode = 200
2018-04-13 20:37:33 INFO  ApacheHttpClient.sendEvent(464) - responseCode = 200
2018-04-13 20:37:56 INFO  ApacheHttpClient.testConnection(188) - responseCode = 200
2018-04-13 20:37:56 INFO  ApacheHttpClient.testConnection(196) - result = true
2018-04-13 20:37:57 INFO  ApacheHttpClient.testConnection(188) - responseCode = 200
2018-04-13 20:37:57 INFO  ApacheHttpClient.testConnection(196) - result = true
2018-04-13 20:38:05 INFO  ApacheHttpClient.getWebResourceAsStream(431) - responseCode = 200
2018-04-13 20:38:33 INFO  ApacheHttpClient.sendEvent(464) - responseCode = 200
2018-04-13 20:38:43 INFO  ApacheHttpClient.getWebResourceAsStream(431) - responseCode = 200
2018-04-13 20:38:44 INFO  ApacheHttpClient.getFilteredTasks(318) - responseCode = 200
2018-04-13 20:39:33 INFO  ApacheHttpClient.sendEvent(464) - responseCode = 200
2018-04-13 20:40:33 INFO  ApacheHttpClient.sendEvent(464) - responseCode = 200
2018-04-13 20:41:33 INFO  ApacheHttpClient.sendEvent(464) - responseCode = 200
2018-04-13 20:42:33 INFO  ApacheHttpClient.sendEvent(464) - responseCode = 200
2018-04-13 20:43:33 INFO  ApacheHttpClient.sendEvent(464) - responseCode = 200
2018-04-13 20:44:33 INFO  ApacheHttpClient.sendEvent(464) - responseCode = 200
2018-04-13 20:45:33 INFO  ApacheHttpClient.sendEvent(464) - responseCode = 200
2018-04-13 20:46:33 INFO  ApacheHttpClient.sendEvent(464) - responseCode = 200
2018-04-13 20:47:33 INFO  ApacheHttpClient.sendEvent(464) - responseCode = 200
2018-04-13 20:48:33 INFO  ApacheHttpClient.sendEvent(464) - responseCode = 200
2018-04-13 20:49:33 INFO  ApacheHttpClient.sendEvent(464) - responseCode = 200
2018-04-13 20:50:33 INFO  ApacheHttpClient.sendEvent(464) - responseCode = 200
2018-04-13 20:51:33 INFO  ApacheHttpClient.sendEvent(464) - responseCode = 200
2018-04-13 20:52:33 INFO  ApacheHttpClient.sendEvent(464) - responseCode = 200
2018-04-13 20:53:33 INFO  ApacheHttpClient.sendEvent(464) - responseCode = 200
2018-04-13 20:54:33 INFO  ApacheHttpClient.sendEvent(464) - responseCode = 200
2018-04-13 20:55:33 INFO  ApacheHttpClient.sendEvent(464) - responseCode = 200
2018-04-13 20:56:33 INFO  ApacheHttpClient.sendEvent(464) - responseCode = 200
2018-04-13 20:57:33 INFO  ApacheHttpClient.sendEvent(464) - responseCode = 200
2018-04-13 20:58:33 INFO  ApacheHttpClient.sendEvent(464) - responseCode = 200
2018-04-13 20:59:33 INFO  ApacheHttpClient.sendEvent(464) - responseCode = 200
2018-04-13 21:00:33 INFO  ApacheHttpClient.sendEvent(464) - responseCode = 200
2018-04-13 21:01:33 INFO  ApacheHttpClient.sendEvent(464) - responseCode = 200
2018-04-13 21:02:33 INFO  ApacheHttpClient.sendEvent(464) - responseCode = 200
2018-04-13 21:03:33 INFO  ApacheHttpClient.sendEvent(464) - responseCode = 200
2018-04-13 21:04:33 INFO  ApacheHttpClient.sendEvent(464) - responseCode = 200
2018-04-13 21:05:33 INFO  ApacheHttpClient.sendEvent(464) - responseCode = 200
2018-04-13 21:06:33 INFO  ApacheHttpClient.sendEvent(464) - responseCode = 200
2018-04-13 21:07:33 INFO  ApacheHttpClient.sendEvent(464) - responseCode = 200
2018-04-13 21:08:33 INFO  ApacheHttpClient.sendEvent(464) - responseCode = 200
2018-04-13 21:08:35 INFO  ApacheHttpClient.getWebResourceAsStream(431) - responseCode = 200
2018-04-13 21:08:35 INFO  ApacheHttpClient.getTask(416) - responseCode = 200
2018-04-13 21:09:33 INFO  ApacheHttpClient.sendEvent(464) - responseCode = 200
2018-04-13 21:10:33 INFO  ApacheHttpClient.sendEvent(464) - responseCode = 200
2018-04-13 21:11:33 INFO  ApacheHttpClient.sendEvent(464) - responseCode = 200
2018-04-13 21:12:33 INFO  ApacheHttpClient.sendEvent(464) - responseCode = 200
2018-04-13 21:13:33 INFO  ApacheHttpClient.sendEvent(464) - responseCode = 200
2018-04-13 21:14:33 INFO  ApacheHttpClient.sendEvent(464) - responseCode = 200
2018-04-13 21:15:33 INFO  ApacheHttpClient.sendEvent(464) - responseCode = 200
2018-04-13 21:16:33 INFO  ApacheHttpClient.sendEvent(464) - responseCode = 200
2018-04-13 21:17:33 INFO  ApacheHttpClient.sendEvent(464) - responseCode = 200
2018-04-13 21:18:33 INFO  ApacheHttpClient.sendEvent(464) - responseCode = 200
2018-04-13 21:19:33 INFO  ApacheHttpClient.sendEvent(464) - responseCode = 200
2018-04-13 21:20:33 INFO  ApacheHttpClient.sendEvent(464) - responseCode = 200
2018-04-13 21:21:33 INFO  ApacheHttpClient.sendEvent(464) - responseCode = 200
2018-04-13 21:22:33 INFO  ApacheHttpClient.sendEvent(464) - responseCode = 200
2018-04-13 21:23:33 INFO  ApacheHttpClient.sendEvent(464) - responseCode = 200
2018-04-13 21:24:33 INFO  ApacheHttpClient.sendEvent(464) - responseCode = 200
2018-04-13 21:25:33 INFO  ApacheHttpClient.sendEvent(464) - responseCode = 200
2018-04-13 21:26:33 INFO  ApacheHttpClient.sendEvent(464) - responseCode = 200
2018-04-13 21:27:33 INFO  ApacheHttpClient.sendEvent(464) - responseCode = 200
2018-04-13 21:28:33 INFO  ApacheHttpClient.sendEvent(464) - responseCode = 200
2018-04-13 21:29:33 INFO  ApacheHttpClient.sendEvent(464) - responseCode = 200
2018-04-13 21:30:33 INFO  ApacheHttpClient.sendEvent(464) - responseCode = 200
2018-04-13 21:31:14 INFO  ApacheHttpClient.getWebResourceAsStream(431) - responseCode = 200
2018-04-13 21:31:14 INFO  ApacheHttpClient.getTask(416) - responseCode = 200
2018-04-13 21:31:33 INFO  ApacheHttpClient.sendEvent(464) - responseCode = 200
2018-04-13 21:32:33 INFO  ApacheHttpClient.sendEvent(464) - responseCode = 200
2018-04-13 21:33:33 INFO  ApacheHttpClient.sendEvent(464) - responseCode = 200
2018-04-13 21:34:33 INFO  ApacheHttpClient.sendEvent(464) - responseCode = 200
2018-04-13 21:35:33 INFO  ApacheHttpClient.sendEvent(464) - responseCode = 200
2018-04-13 21:36:33 INFO  ApacheHttpClient.sendEvent(464) - responseCode = 200
2018-04-13 21:37:33 INFO  ApacheHttpClient.sendEvent(464) - responseCode = 200
2018-04-13 21:38:33 INFO  ApacheHttpClient.sendEvent(464) - responseCode = 200
2018-04-13 21:39:33 INFO  ApacheHttpClient.sendEvent(464) - responseCode = 200
2018-04-13 21:40:33 INFO  ApacheHttpClient.sendEvent(464) - responseCode = 200
2018-04-13 21:41:33 INFO  ApacheHttpClient.sendEvent(464) - responseCode = 200
2018-04-13 21:42:33 INFO  ApacheHttpClient.sendEvent(464) - responseCode = 200
2018-04-13 21:43:33 INFO  ApacheHttpClient.sendEvent(464) - responseCode = 200
2018-04-13 21:44:33 INFO  ApacheHttpClient.sendEvent(464) - responseCode = 200
2018-04-13 21:45:33 INFO  ApacheHttpClient.sendEvent(464) - responseCode = 200
2018-04-13 21:46:33 INFO  ApacheHttpClient.sendEvent(464) - responseCode = 200
2018-04-13 21:47:33 INFO  ApacheHttpClient.sendEvent(464) - responseCode = 200
2018-04-13 21:48:33 INFO  ApacheHttpClient.sendEvent(464) - responseCode = 200
2018-04-13 21:49:33 INFO  ApacheHttpClient.sendEvent(464) - responseCode = 200
2018-04-13 21:50:33 INFO  ApacheHttpClient.sendEvent(464) - responseCode = 200
2018-04-13 21:51:33 INFO  ApacheHttpClient.sendEvent(464) - responseCode = 200
2018-04-13 21:52:33 INFO  ApacheHttpClient.sendEvent(464) - responseCode = 200
2018-04-13 21:53:33 INFO  ApacheHttpClient.sendEvent(464) - responseCode = 200
2018-04-13 21:54:33 INFO  ApacheHttpClient.sendEvent(464) - responseCode = 200
2018-04-13 21:55:33 INFO  ApacheHttpClient.sendEvent(464) - responseCode = 200
2018-04-13 21:56:33 INFO  ApacheHttpClient.sendEvent(464) - responseCode = 200
2018-04-13 21:57:33 INFO  ApacheHttpClient.sendEvent(464) - responseCode = 200
2018-04-13 21:58:33 INFO  ApacheHttpClient.sendEvent(464) - responseCode = 200
2018-04-13 21:59:33 INFO  ApacheHttpClient.sendEvent(464) - responseCode = 200
2018-04-13 22:00:33 INFO  ApacheHttpClient.sendEvent(464) - responseCode = 200
2018-04-13 22:00:38 INFO  ApacheHttpClient.getWebResourceAsStream(431) - responseCode = 200
2018-04-13 22:00:39 INFO  ApacheHttpClient.getTask(416) - responseCode = 200
2018-04-13 22:01:33 INFO  ApacheHttpClient.sendEvent(464) - responseCode = 200
2018-04-13 22:02:33 INFO  ApacheHttpClient.sendEvent(464) - responseCode = 200
2018-04-13 22:03:33 INFO  ApacheHttpClient.sendEvent(464) - responseCode = 200
2018-04-13 22:04:33 INFO  ApacheHttpClient.sendEvent(464) - responseCode = 200
2018-04-13 22:05:33 INFO  ApacheHttpClient.sendEvent(464) - responseCode = 200
2018-04-13 22:06:33 INFO  ApacheHttpClient.sendEvent(464) - responseCode = 200
2018-04-13 22:07:33 INFO  ApacheHttpClient.sendEvent(464) - responseCode = 200
2018-04-13 22:08:33 INFO  ApacheHttpClient.sendEvent(464) - responseCode = 200
2018-04-13 22:09:33 INFO  ApacheHttpClient.sendEvent(464) - responseCode = 200
2018-04-13 22:10:33 INFO  ApacheHttpClient.sendEvent(464) - responseCode = 200
2018-04-13 22:11:33 INFO  ApacheHttpClient.sendEvent(464) - responseCode = 200
2018-04-13 22:12:33 INFO  ApacheHttpClient.sendEvent(464) - responseCode = 200
2018-04-13 22:13:33 INFO  ApacheHttpClient.sendEvent(464) - responseCode = 200
2018-04-13 22:14:33 INFO  ApacheHttpClient.sendEvent(464) - responseCode = 200
2018-04-13 22:15:33 INFO  ApacheHttpClient.sendEvent(464) - responseCode = 200
2018-04-13 22:16:33 INFO  ApacheHttpClient.sendEvent(464) - responseCode = 200
2018-04-13 22:17:33 INFO  ApacheHttpClient.sendEvent(464) - responseCode = 200
2018-04-13 22:18:33 INFO  ApacheHttpClient.sendEvent(464) - responseCode = 200
2018-04-13 22:19:33 INFO  ApacheHttpClient.sendEvent(464) - responseCode = 200
2018-04-13 22:20:33 INFO  ApacheHttpClient.sendEvent(464) - responseCode = 200
2018-04-13 22:21:33 INFO  ApacheHttpClient.sendEvent(464) - responseCode = 200
2018-04-13 22:22:33 INFO  ApacheHttpClient.sendEvent(464) - responseCode = 200
2018-04-13 22:23:33 INFO  ApacheHttpClient.sendEvent(464) - responseCode = 200
2018-04-13 22:24:33 INFO  ApacheHttpClient.sendEvent(464) - responseCode = 200
2018-04-13 22:25:33 INFO  ApacheHttpClient.sendEvent(464) - responseCode = 200
2018-04-13 22:26:33 INFO  ApacheHttpClient.sendEvent(464) - responseCode = 200
2018-04-13 22:27:33 INFO  ApacheHttpClient.sendEvent(464) - responseCode = 200
2018-04-13 22:28:33 INFO  ApacheHttpClient.sendEvent(464) - responseCode = 200
2018-04-13 22:29:33 INFO  ApacheHttpClient.sendEvent(464) - responseCode = 200
2018-04-13 22:30:33 INFO  ApacheHttpClient.sendEvent(464) - responseCode = 200
2018-04-13 22:31:33 INFO  ApacheHttpClient.sendEvent(464) - responseCode = 200
2018-04-13 22:32:33 INFO  ApacheHttpClient.sendEvent(464) - responseCode = 200
2018-04-13 22:33:33 INFO  ApacheHttpClient.sendEvent(464) - responseCode = 200
2018-04-13 22:34:33 INFO  ApacheHttpClient.sendEvent(464) - responseCode = 200
2018-04-13 22:35:33 INFO  ApacheHttpClient.sendEvent(464) - responseCode = 200
2018-04-13 22:36:33 INFO  ApacheHttpClient.sendEvent(464) - responseCode = 200
2018-04-13 22:37:33 INFO  ApacheHttpClient.sendEvent(464) - responseCode = 200
2018-04-13 22:38:33 INFO  ApacheHttpClient.sendEvent(464) - responseCode = 200
2018-04-13 22:39:33 INFO  ApacheHttpClient.sendEvent(464) - responseCode = 200
2018-04-13 22:40:33 INFO  ApacheHttpClient.sendEvent(464) - responseCode = 200
2018-04-13 22:41:33 INFO  ApacheHttpClient.sendEvent(464) - responseCode = 200
2018-04-13 22:42:33 INFO  ApacheHttpClient.sendEvent(464) - responseCode = 200
2018-04-13 22:43:33 INFO  ApacheHttpClient.sendEvent(464) - responseCode = 200
2018-04-13 22:44:33 INFO  ApacheHttpClient.sendEvent(464) - responseCode = 200
2018-04-13 22:45:33 INFO  ApacheHttpClient.sendEvent(464) - responseCode = 200
2018-04-13 22:46:33 INFO  ApacheHttpClient.sendEvent(464) - responseCode = 200
2018-04-13 22:47:33 INFO  ApacheHttpClient.sendEvent(464) - responseCode = 200
2018-04-13 22:48:33 INFO  ApacheHttpClient.sendEvent(464) - responseCode = 200
2018-04-13 22:49:33 INFO  ApacheHttpClient.sendEvent(464) - responseCode = 200
2018-04-13 22:50:33 INFO  ApacheHttpClient.sendEvent(464) - responseCode = 200
2018-04-13 22:51:33 INFO  ApacheHttpClient.sendEvent(464) - responseCode = 200
2018-04-13 22:52:33 INFO  ApacheHttpClient.sendEvent(464) - responseCode = 200
2018-04-13 22:53:33 INFO  ApacheHttpClient.sendEvent(464) - responseCode = 200
2018-04-13 22:54:33 INFO  ApacheHttpClient.sendEvent(464) - responseCode = 200
2018-04-13 22:55:33 INFO  ApacheHttpClient.sendEvent(464) - responseCode = 200
2018-04-13 22:56:33 INFO  ApacheHttpClient.sendEvent(464) - responseCode = 200
2018-04-13 22:57:21 INFO  ApacheHttpClient.getWebResourceAsStream(431) - responseCode = 200
2018-04-13 22:57:22 INFO  ApacheHttpClient.getTask(416) - responseCode = 200
2018-04-13 22:57:22 INFO  ApacheHttpClient.getWebResourceAsStream(431) - responseCode = 200
2018-04-13 22:57:24 INFO  ApacheHttpClient.completed(27) - responseCode = 200
2018-04-13 22:57:25 INFO  ApacheHttpClient.getTask(416) - responseCode = 200
2018-04-13 22:57:33 INFO  ApacheHttpClient.sendEvent(464) - responseCode = 200
2018-04-13 22:58:33 INFO  ApacheHttpClient.sendEvent(464) - responseCode = 200
2018-04-13 22:59:33 INFO  ApacheHttpClient.sendEvent(464) - responseCode = 200
2018-04-13 23:00:33 INFO  ApacheHttpClient.sendEvent(464) - responseCode = 200
2018-04-13 23:01:33 INFO  ApacheHttpClient.sendEvent(464) - responseCode = 200
2018-04-13 23:02:33 INFO  ApacheHttpClient.sendEvent(464) - responseCode = 200
2018-04-13 23:03:33 INFO  ApacheHttpClient.sendEvent(464) - responseCode = 200
2018-04-13 23:04:33 INFO  ApacheHttpClient.sendEvent(464) - responseCode = 200
2018-04-13 23:04:43 INFO  ApacheHttpClient.getWebResourceAsStream(431) - responseCode = 200
2018-04-13 23:04:43 INFO  ApacheHttpClient.getFilteredTasks(318) - responseCode = 200
2018-04-13 23:04:46 INFO  ApacheHttpClient.getTaskTemplateInfo(335) - responseCode = 200
2018-04-13 23:04:46 INFO  ApacheHttpClient.testConnection(188) - responseCode = 200
2018-04-13 23:04:46 INFO  ApacheHttpClient.testConnection(196) - result = true
2018-04-13 23:04:46 INFO  ApacheHttpClient.testConnection(188) - responseCode = 200
2018-04-13 23:04:46 INFO  ApacheHttpClient.testConnection(196) - result = true
2018-04-13 23:04:46 INFO  ApacheHttpClient.getWebResourceAsStream(431) - responseCode = 200
2018-04-13 23:04:57 INFO  JavaRushTasksProjectComponent.projectClosing(165) - ---------- Project JavaRushTasks closed ----------

2018-04-13 23:04:57 INFO  ApacheHttpClient.getTask(416) - responseCode = 200
2018-04-13 23:04:57 INFO  ApacheHttpClient.getTask(416) - responseCode = 200
2018-04-15 12:49:47 INFO  JavaRushTasksProjectComponent.projectOpened(68) - ---------- Project JavaRushTasks opened ----------
2018-04-15 12:49:47 INFO  JavaRushTasksProjectComponent.projectOpened(69) - ---------- Version 3.16 ----------

2018-04-15 12:49:47 INFO  ApacheHttpClient.createAsyncHttpClient(130) - Выбрано 1 прокси. Тип : DIRECT
2018-04-15 12:49:47 INFO  ApacheHttpClient.<init>(88) - ApacheHttpClient проинстанциирован успешно.
2018-04-15 12:49:48 INFO  ApacheHttpClient.testConnection(188) - responseCode = 200
2018-04-15 12:49:48 INFO  ApacheHttpClient.testConnection(196) - result = true
2018-04-15 12:49:48 INFO  ApacheHttpClient.login(220) - Ожидание ответа сервера.
2018-04-15 12:49:49 INFO  ApacheHttpClient.login(220) - Ожидание ответа сервера.
2018-04-15 12:49:49 INFO  ApacheHttpClient.login(224) - responseCode = 200
2018-04-15 12:49:49 INFO  ApacheHttpClient.login(255) - JSESSIONID=0152B4B7C4CB50182D49667250ACD459
2018-04-15 12:49:49 INFO  ApacheHttpClient.refreshUserInfo(283) - responseCode = 200
2018-04-15 12:49:49 INFO  ApacheHttpClient.refreshUserInfo(289) - Информация о пользователе получена.
2018-04-15 12:49:49 INFO  ApacheHttpClient.startGA(31) - GAService запущен.
2018-04-15 12:49:49 INFO  AbstractRestApiClient.startService(70) - EventsService запущен.
2018-04-15 13:13:41 INFO  ApacheHttpClient.testConnection(188) - responseCode = 200
2018-04-15 13:13:41 INFO  ApacheHttpClient.testConnection(196) - result = true
2018-04-15 13:13:42 INFO  ApacheHttpClient.testConnection(188) - responseCode = 200
2018-04-15 13:13:42 INFO  ApacheHttpClient.testConnection(196) - result = true
2018-04-15 13:13:46 INFO  ApacheHttpClient.getWebResourceAsStream(431) - responseCode = 200
2018-04-15 13:13:49 INFO  ApacheHttpClient.sendEvent(464) - responseCode = 200
2018-04-15 13:14:49 INFO  ApacheHttpClient.sendEvent(464) - responseCode = 200
2018-04-15 13:15:49 INFO  ApacheHttpClient.sendEvent(464) - responseCode = 200
2018-04-15 13:16:49 INFO  ApacheHttpClient.sendEvent(464) - responseCode = 200
2018-04-15 13:17:49 INFO  ApacheHttpClient.sendEvent(464) - responseCode = 200
2018-04-15 13:18:49 INFO  ApacheHttpClient.sendEvent(464) - responseCode = 200
2018-04-15 13:19:49 INFO  ApacheHttpClient.sendEvent(464) - responseCode = 200
2018-04-15 13:20:49 INFO  ApacheHttpClient.sendEvent(464) - responseCode = 200
2018-04-15 13:21:13 INFO  ApacheHttpClient.getWebResourceAsStream(431) - responseCode = 200
2018-04-15 13:21:13 INFO  ApacheHttpClient.getTask(416) - responseCode = 200
2018-04-15 13:21:13 INFO  ApacheHttpClient.getWebResourceAsStream(431) - responseCode = 200
2018-04-15 13:21:16 INFO  ApacheHttpClient.completed(27) - responseCode = 200
2018-04-15 13:21:16 INFO  ApacheHttpClient.getTask(416) - responseCode = 200
2018-04-15 13:21:20 INFO  ApacheHttpClient.getWebResourceAsStream(431) - responseCode = 200
2018-04-15 13:21:20 WARN  JavaRushUtil.getCurrentTask(68) - Ошибка получения ключа задачи.
2018-04-15 13:21:21 INFO  ApacheHttpClient.getTask(416) - responseCode = 200
2018-04-15 13:21:49 INFO  ApacheHttpClient.sendEvent(464) - responseCode = 200
2018-04-15 13:22:49 INFO  ApacheHttpClient.sendEvent(464) - responseCode = 200
2018-04-15 13:23:49 INFO  ApacheHttpClient.sendEvent(464) - responseCode = 200
2018-04-15 13:24:49 INFO  ApacheHttpClient.sendEvent(464) - responseCode = 200
2018-04-15 13:25:16 INFO  ApacheHttpClient.getWebResourceAsStream(431) - responseCode = 200
2018-04-15 13:25:16 INFO  ApacheHttpClient.getFilteredTasks(318) - responseCode = 200
2018-04-15 13:25:49 INFO  ApacheHttpClient.sendEvent(464) - responseCode = 200
2018-04-15 13:26:49 INFO  ApacheHttpClient.sendEvent(464) - responseCode = 200
2018-04-15 13:27:49 INFO  ApacheHttpClient.sendEvent(464) - responseCode = 200
2018-04-15 13:28:49 INFO  ApacheHttpClient.sendEvent(464) - responseCode = 200
2018-04-15 13:29:49 INFO  ApacheHttpClient.sendEvent(464) - responseCode = 200
2018-04-15 13:30:49 INFO  ApacheHttpClient.sendEvent(464) - responseCode = 200
2018-04-15 13:31:49 INFO  ApacheHttpClient.sendEvent(464) - responseCode = 200
2018-04-15 13:32:49 INFO  ApacheHttpClient.sendEvent(464) - responseCode = 200
2018-04-15 13:33:49 INFO  ApacheHttpClient.sendEvent(464) - responseCode = 200
2018-04-15 13:34:49 INFO  ApacheHttpClient.sendEvent(464) - responseCode = 200
2018-04-15 13:35:49 INFO  ApacheHttpClient.sendEvent(464) - responseCode = 200
2018-04-15 13:36:49 INFO  ApacheHttpClient.sendEvent(464) - responseCode = 200
2018-04-15 13:37:49 INFO  ApacheHttpClient.sendEvent(464) - responseCode = 200
2018-04-15 13:38:49 INFO  ApacheHttpClient.sendEvent(464) - responseCode = 200
2018-04-15 13:39:49 INFO  ApacheHttpClient.sendEvent(464) - responseCode = 200
2018-04-15 13:40:49 INFO  ApacheHttpClient.sendEvent(464) - responseCode = 200
2018-04-15 13:41:49 INFO  ApacheHttpClient.sendEvent(464) - responseCode = 200
2018-04-15 13:42:49 INFO  ApacheHttpClient.sendEvent(464) - responseCode = 200
2018-04-15 13:43:49 INFO  ApacheHttpClient.sendEvent(464) - responseCode = 200
2018-04-15 13:44:49 INFO  ApacheHttpClient.sendEvent(464) - responseCode = 200
2018-04-15 13:45:49 INFO  ApacheHttpClient.sendEvent(464) - responseCode = 200
2018-04-15 13:46:49 INFO  ApacheHttpClient.sendEvent(464) - responseCode = 200
2018-04-15 13:47:49 INFO  ApacheHttpClient.sendEvent(464) - responseCode = 200
2018-04-15 13:48:49 INFO  ApacheHttpClient.sendEvent(464) - responseCode = 200
2018-04-15 13:49:49 INFO  ApacheHttpClient.sendEvent(464) - responseCode = 200
2018-04-15 13:50:49 INFO  ApacheHttpClient.sendEvent(464) - responseCode = 200
2018-04-15 13:51:49 INFO  ApacheHttpClient.sendEvent(464) - responseCode = 200
2018-04-15 13:52:49 INFO  ApacheHttpClient.sendEvent(464) - responseCode = 200
2018-04-15 13:53:49 INFO  ApacheHttpClient.sendEvent(464) - responseCode = 200
2018-04-15 13:54:49 INFO  ApacheHttpClient.sendEvent(464) - responseCode = 200
2018-04-15 13:55:49 INFO  ApacheHttpClient.sendEvent(464) - responseCode = 200
2018-04-15 13:56:49 INFO  ApacheHttpClient.sendEvent(464) - responseCode = 200
2018-04-15 13:57:49 INFO  ApacheHttpClient.sendEvent(464) - responseCode = 200
2018-04-15 13:58:49 INFO  ApacheHttpClient.sendEvent(464) - responseCode = 200
2018-04-15 13:59:49 INFO  ApacheHttpClient.sendEvent(464) - responseCode = 200
2018-04-15 14:00:49 INFO  ApacheHttpClient.sendEvent(464) - responseCode = 200
2018-04-15 14:01:49 INFO  ApacheHttpClient.sendEvent(464) - responseCode = 200
2018-04-15 14:02:49 INFO  ApacheHttpClient.sendEvent(464) - responseCode = 200
2018-04-15 14:03:49 INFO  ApacheHttpClient.sendEvent(464) - responseCode = 200
2018-04-15 14:04:49 INFO  ApacheHttpClient.sendEvent(464) - responseCode = 200
2018-04-15 14:05:49 INFO  ApacheHttpClient.sendEvent(464) - responseCode = 200
2018-04-15 14:06:49 INFO  ApacheHttpClient.sendEvent(464) - responseCode = 200
2018-04-15 14:07:49 INFO  ApacheHttpClient.sendEvent(464) - responseCode = 200
2018-04-15 14:08:49 INFO  ApacheHttpClient.sendEvent(464) - responseCode = 200
2018-04-15 14:09:49 INFO  ApacheHttpClient.sendEvent(464) - responseCode = 200
2018-04-15 14:10:49 INFO  ApacheHttpClient.sendEvent(464) - responseCode = 200
2018-04-15 14:11:49 INFO  ApacheHttpClient.sendEvent(464) - responseCode = 200
2018-04-15 14:12:49 INFO  ApacheHttpClient.sendEvent(464) - responseCode = 200
2018-04-15 14:13:49 INFO  ApacheHttpClient.sendEvent(464) - responseCode = 200
2018-04-15 14:14:49 INFO  ApacheHttpClient.sendEvent(464) - responseCode = 200
2018-04-15 14:15:49 INFO  ApacheHttpClient.sendEvent(464) - responseCode = 200
2018-04-15 14:16:49 INFO  ApacheHttpClient.sendEvent(464) - responseCode = 200
2018-04-15 14:17:47 INFO  ApacheHttpClient.sendEvent(464) - responseCode = 200
2018-04-15 14:18:47 INFO  ApacheHttpClient.sendEvent(464) - responseCode = 200
2018-04-15 14:19:47 INFO  ApacheHttpClient.sendEvent(464) - responseCode = 200
2018-04-15 14:20:47 INFO  ApacheHttpClient.sendEvent(464) - responseCode = 200
2018-04-15 14:21:47 INFO  ApacheHttpClient.sendEvent(464) - responseCode = 200
2018-04-15 14:22:47 INFO  ApacheHttpClient.sendEvent(464) - responseCode = 200
2018-04-15 14:23:47 INFO  ApacheHttpClient.sendEvent(464) - responseCode = 200
2018-04-15 14:24:47 INFO  ApacheHttpClient.sendEvent(464) - responseCode = 200
2018-04-15 14:25:47 INFO  ApacheHttpClient.sendEvent(464) - responseCode = 200
2018-04-15 14:26:47 INFO  ApacheHttpClient.sendEvent(464) - responseCode = 200
2018-04-15 14:27:47 INFO  ApacheHttpClient.sendEvent(464) - responseCode = 200
2018-04-15 14:28:47 INFO  ApacheHttpClient.sendEvent(464) - responseCode = 200
2018-04-15 14:29:47 INFO  ApacheHttpClient.sendEvent(464) - responseCode = 200
2018-04-15 14:30:47 INFO  ApacheHttpClient.sendEvent(464) - responseCode = 200
2018-04-15 14:31:47 INFO  ApacheHttpClient.sendEvent(464) - responseCode = 200
2018-04-15 14:32:47 INFO  ApacheHttpClient.sendEvent(464) - responseCode = 200
2018-04-15 14:33:47 INFO  ApacheHttpClient.sendEvent(464) - responseCode = 200
2018-04-15 14:34:47 INFO  ApacheHttpClient.sendEvent(464) - responseCode = 200
2018-04-15 14:35:47 INFO  ApacheHttpClient.sendEvent(464) - responseCode = 200
2018-04-15 14:36:47 INFO  ApacheHttpClient.sendEvent(464) - responseCode = 200
2018-04-15 14:37:47 INFO  ApacheHttpClient.sendEvent(464) - responseCode = 200
2018-04-15 14:38:47 INFO  ApacheHttpClient.sendEvent(464) - responseCode = 200
2018-04-15 14:39:47 INFO  ApacheHttpClient.sendEvent(464) - responseCode = 200
2018-04-15 14:40:47 INFO  ApacheHttpClient.sendEvent(464) - responseCode = 200
2018-04-15 14:41:47 INFO  ApacheHttpClient.sendEvent(464) - responseCode = 200
2018-04-15 14:42:47 INFO  ApacheHttpClient.sendEvent(464) - responseCode = 200
2018-04-15 14:43:47 INFO  ApacheHttpClient.sendEvent(464) - responseCode = 200
2018-04-15 14:44:47 INFO  ApacheHttpClient.sendEvent(464) - responseCode = 200
2018-04-15 14:45:47 INFO  ApacheHttpClient.sendEvent(464) - responseCode = 200
2018-04-15 14:46:47 INFO  ApacheHttpClient.sendEvent(464) - responseCode = 200
2018-04-15 14:47:47 INFO  ApacheHttpClient.sendEvent(464) - responseCode = 200
2018-04-15 14:48:47 INFO  ApacheHttpClient.sendEvent(464) - responseCode = 200
2018-04-15 14:49:47 INFO  ApacheHttpClient.sendEvent(464) - responseCode = 200
2018-04-15 14:50:47 INFO  ApacheHttpClient.sendEvent(464) - responseCode = 200
2018-04-15 14:51:47 INFO  ApacheHttpClient.sendEvent(464) - responseCode = 200
2018-04-15 14:52:47 INFO  ApacheHttpClient.sendEvent(464) - responseCode = 200
2018-04-15 14:53:47 INFO  ApacheHttpClient.sendEvent(464) - responseCode = 200
2018-04-15 14:54:47 INFO  ApacheHttpClient.sendEvent(464) - responseCode = 200
2018-04-15 14:55:47 INFO  ApacheHttpClient.sendEvent(464) - responseCode = 200
2018-04-15 14:56:47 INFO  ApacheHttpClient.sendEvent(464) - responseCode = 200
2018-04-15 14:57:47 INFO  ApacheHttpClient.sendEvent(464) - responseCode = 200
2018-04-15 14:58:47 INFO  ApacheHttpClient.sendEvent(464) - responseCode = 200
2018-04-15 14:59:47 INFO  ApacheHttpClient.sendEvent(464) - responseCode = 200
2018-04-15 15:00:47 INFO  ApacheHttpClient.sendEvent(464) - responseCode = 200
2018-04-15 15:01:47 INFO  ApacheHttpClient.sendEvent(464) - responseCode = 200
2018-04-15 15:02:47 INFO  ApacheHttpClient.sendEvent(464) - responseCode = 200
2018-04-15 15:03:28 INFO  ApacheHttpClient.getWebResourceAsStream(431) - responseCode = 200
2018-04-15 15:03:28 INFO  ApacheHttpClient.getFilteredTasks(318) - responseCode = 200
2018-04-15 15:03:33 INFO  ApacheHttpClient.getTaskTemplateInfo(335) - responseCode = 200
2018-04-15 15:03:34 INFO  ApacheHttpClient.testConnection(188) - responseCode = 200
2018-04-15 15:03:34 INFO  ApacheHttpClient.testConnection(196) - result = true
2018-04-15 15:03:34 INFO  ApacheHttpClient.testConnection(188) - responseCode = 200
2018-04-15 15:03:34 INFO  ApacheHttpClient.testConnection(196) - result = true
2018-04-15 15:03:34 INFO  ApacheHttpClient.getWebResourceAsStream(431) - responseCode = 200
2018-04-15 15:03:47 INFO  ApacheHttpClient.sendEvent(464) - responseCode = 200
2018-04-15 15:04:47 INFO  ApacheHttpClient.sendEvent(464) - responseCode = 200
2018-04-15 15:05:47 INFO  ApacheHttpClient.sendEvent(464) - responseCode = 200
2018-04-15 15:06:47 INFO  ApacheHttpClient.sendEvent(464) - responseCode = 200
2018-04-15 15:07:47 INFO  ApacheHttpClient.sendEvent(464) - responseCode = 200
2018-04-15 15:08:47 INFO  ApacheHttpClient.sendEvent(464) - responseCode = 200
2018-04-15 15:09:47 INFO  ApacheHttpClient.sendEvent(464) - responseCode = 200
2018-04-15 15:10:47 INFO  ApacheHttpClient.sendEvent(464) - responseCode = 200
2018-04-15 15:11:47 INFO  ApacheHttpClient.sendEvent(464) - responseCode = 200
2018-04-15 15:12:47 INFO  ApacheHttpClient.sendEvent(464) - responseCode = 200
2018-04-15 15:13:47 INFO  ApacheHttpClient.sendEvent(464) - responseCode = 200
2018-04-15 15:14:47 INFO  ApacheHttpClient.sendEvent(464) - responseCode = 200
2018-04-15 15:15:47 INFO  ApacheHttpClient.sendEvent(464) - responseCode = 200
2018-04-15 15:16:47 INFO  ApacheHttpClient.sendEvent(464) - responseCode = 200
2018-04-15 15:17:47 INFO  ApacheHttpClient.sendEvent(464) - responseCode = 200
2018-04-15 15:18:47 INFO  ApacheHttpClient.sendEvent(464) - responseCode = 200
2018-04-15 15:19:47 INFO  ApacheHttpClient.sendEvent(464) - responseCode = 200
2018-04-15 15:20:47 INFO  ApacheHttpClient.sendEvent(464) - responseCode = 200
2018-04-15 15:21:47 INFO  ApacheHttpClient.sendEvent(464) - responseCode = 200
2018-04-15 15:22:47 INFO  ApacheHttpClient.sendEvent(464) - responseCode = 200
2018-04-15 15:23:47 INFO  ApacheHttpClient.sendEvent(464) - responseCode = 200
2018-04-15 15:24:47 INFO  ApacheHttpClient.sendEvent(464) - responseCode = 200
2018-04-15 15:25:47 INFO  ApacheHttpClient.sendEvent(464) - responseCode = 200
2018-04-15 15:26:47 INFO  ApacheHttpClient.sendEvent(464) - responseCode = 200
2018-04-15 15:27:47 INFO  ApacheHttpClient.sendEvent(464) - responseCode = 200
2018-04-15 15:28:47 INFO  ApacheHttpClient.sendEvent(464) - responseCode = 200
2018-04-15 15:29:47 INFO  ApacheHttpClient.sendEvent(464) - responseCode = 200
2018-04-15 15:30:47 INFO  ApacheHttpClient.sendEvent(464) - responseCode = 200
2018-04-15 15:31:47 INFO  ApacheHttpClient.sendEvent(464) - responseCode = 200
2018-04-15 15:32:47 INFO  ApacheHttpClient.sendEvent(464) - responseCode = 200
2018-04-15 15:33:47 INFO  ApacheHttpClient.sendEvent(464) - responseCode = 200
2018-04-15 15:34:47 INFO  ApacheHttpClient.sendEvent(464) - responseCode = 200
2018-04-15 15:35:47 INFO  ApacheHttpClient.sendEvent(464) - responseCode = 200
2018-04-15 15:36:47 INFO  ApacheHttpClient.sendEvent(464) - responseCode = 200
2018-04-15 15:37:47 INFO  ApacheHttpClient.sendEvent(464) - responseCode = 200
2018-04-15 15:38:47 INFO  ApacheHttpClient.sendEvent(464) - responseCode = 200
2018-04-15 15:39:47 INFO  ApacheHttpClient.sendEvent(464) - responseCode = 200
2018-04-15 15:40:47 INFO  ApacheHttpClient.sendEvent(464) - responseCode = 200
2018-04-15 15:41:47 INFO  ApacheHttpClient.sendEvent(464) - responseCode = 200
2018-04-15 15:42:47 INFO  ApacheHttpClient.sendEvent(464) - responseCode = 200
2018-04-15 15:43:47 INFO  ApacheHttpClient.sendEvent(464) - responseCode = 200
2018-04-15 15:44:47 INFO  ApacheHttpClient.sendEvent(464) - responseCode = 200
2018-04-15 15:45:47 INFO  ApacheHttpClient.sendEvent(464) - responseCode = 200
2018-04-15 15:46:47 INFO  ApacheHttpClient.sendEvent(464) - responseCode = 200
2018-04-15 15:47:47 INFO  ApacheHttpClient.sendEvent(464) - responseCode = 200
2018-04-15 15:48:47 INFO  ApacheHttpClient.sendEvent(464) - responseCode = 200
2018-04-15 15:49:47 INFO  ApacheHttpClient.sendEvent(464) - responseCode = 200
2018-04-15 15:50:47 INFO  ApacheHttpClient.sendEvent(464) - responseCode = 200
2018-04-15 15:51:47 INFO  ApacheHttpClient.sendEvent(464) - responseCode = 200
2018-04-15 15:52:47 INFO  ApacheHttpClient.sendEvent(464) - responseCode = 200
2018-04-15 15:53:47 INFO  ApacheHttpClient.sendEvent(464) - responseCode = 200
2018-04-15 15:54:47 INFO  ApacheHttpClient.sendEvent(464) - responseCode = 200
2018-04-15 15:55:47 INFO  ApacheHttpClient.sendEvent(464) - responseCode = 200
2018-04-15 15:56:47 INFO  ApacheHttpClient.sendEvent(464) - responseCode = 200
2018-04-15 15:57:47 INFO  ApacheHttpClient.sendEvent(464) - responseCode = 200
2018-04-15 15:58:47 INFO  ApacheHttpClient.sendEvent(464) - responseCode = 200
2018-04-15 15:59:47 INFO  ApacheHttpClient.sendEvent(464) - responseCode = 200
2018-04-15 16:00:47 INFO  ApacheHttpClient.sendEvent(464) - responseCode = 200
2018-04-15 16:01:47 INFO  ApacheHttpClient.sendEvent(464) - responseCode = 200
2018-04-15 16:02:47 INFO  ApacheHttpClient.sendEvent(464) - responseCode = 200
2018-04-15 16:03:47 INFO  ApacheHttpClient.sendEvent(464) - responseCode = 200
2018-04-15 16:04:47 INFO  ApacheHttpClient.sendEvent(464) - responseCode = 200
2018-04-15 16:05:47 INFO  ApacheHttpClient.sendEvent(464) - responseCode = 200
2018-04-15 16:06:47 INFO  ApacheHttpClient.sendEvent(464) - responseCode = 200
2018-04-15 16:07:47 INFO  ApacheHttpClient.sendEvent(464) - responseCode = 200
2018-04-15 16:08:47 INFO  ApacheHttpClient.sendEvent(464) - responseCode = 200
2018-04-15 16:09:47 INFO  ApacheHttpClient.sendEvent(464) - responseCode = 200
2018-04-15 16:10:47 INFO  ApacheHttpClient.sendEvent(464) - responseCode = 200
2018-04-15 16:11:47 INFO  ApacheHttpClient.sendEvent(464) - responseCode = 200
2018-04-15 16:12:47 INFO  ApacheHttpClient.sendEvent(464) - responseCode = 200
2018-04-15 16:13:47 INFO  ApacheHttpClient.sendEvent(464) - responseCode = 200
2018-04-15 16:14:47 INFO  ApacheHttpClient.sendEvent(464) - responseCode = 200
2018-04-15 16:15:47 INFO  ApacheHttpClient.sendEvent(464) - responseCode = 200
2018-04-15 16:16:47 INFO  ApacheHttpClient.sendEvent(464) - responseCode = 200
2018-04-15 16:17:47 INFO  ApacheHttpClient.sendEvent(464) - responseCode = 200
2018-04-15 16:18:47 INFO  ApacheHttpClient.sendEvent(464) - responseCode = 200
2018-04-15 16:19:47 INFO  ApacheHttpClient.sendEvent(464) - responseCode = 200
2018-04-15 16:20:47 INFO  ApacheHttpClient.sendEvent(464) - responseCode = 200
2018-04-15 16:21:47 INFO  ApacheHttpClient.sendEvent(464) - responseCode = 200
2018-04-15 16:22:47 INFO  ApacheHttpClient.sendEvent(464) - responseCode = 200
2018-04-15 16:23:47 INFO  ApacheHttpClient.sendEvent(464) - responseCode = 200
2018-04-15 16:24:47 INFO  ApacheHttpClient.sendEvent(464) - responseCode = 200
2018-04-15 16:25:47 INFO  ApacheHttpClient.sendEvent(464) - responseCode = 200
2018-04-15 16:26:47 INFO  ApacheHttpClient.sendEvent(464) - responseCode = 200
2018-04-15 16:27:47 INFO  ApacheHttpClient.sendEvent(464) - responseCode = 200
2018-04-15 16:28:47 INFO  ApacheHttpClient.sendEvent(464) - responseCode = 200
2018-04-15 16:29:47 INFO  ApacheHttpClient.sendEvent(464) - responseCode = 200
2018-04-15 16:30:47 INFO  ApacheHttpClient.sendEvent(464) - responseCode = 200
2018-04-15 16:31:47 INFO  ApacheHttpClient.sendEvent(464) - responseCode = 200
2018-04-15 16:32:47 INFO  ApacheHttpClient.sendEvent(464) - responseCode = 200
2018-04-15 16:33:47 INFO  ApacheHttpClient.sendEvent(464) - responseCode = 200
2018-04-15 16:34:47 INFO  ApacheHttpClient.sendEvent(464) - responseCode = 200
2018-04-15 16:35:47 INFO  ApacheHttpClient.sendEvent(464) - responseCode = 200
2018-04-15 16:36:47 INFO  ApacheHttpClient.sendEvent(464) - responseCode = 200
2018-04-15 16:37:47 INFO  ApacheHttpClient.sendEvent(464) - responseCode = 200
2018-04-15 16:38:47 INFO  ApacheHttpClient.sendEvent(464) - responseCode = 200
2018-04-15 16:39:47 INFO  ApacheHttpClient.sendEvent(464) - responseCode = 200
2018-04-15 16:40:47 INFO  ApacheHttpClient.sendEvent(464) - responseCode = 200
2018-04-15 16:41:47 INFO  ApacheHttpClient.sendEvent(464) - responseCode = 200
2018-04-15 16:42:47 INFO  ApacheHttpClient.sendEvent(464) - responseCode = 200
2018-04-15 16:43:47 INFO  ApacheHttpClient.sendEvent(464) - responseCode = 200
2018-04-15 16:44:47 INFO  ApacheHttpClient.sendEvent(464) - responseCode = 200
2018-04-15 16:45:47 INFO  ApacheHttpClient.sendEvent(464) - responseCode = 200
2018-04-15 16:46:47 INFO  ApacheHttpClient.sendEvent(464) - responseCode = 200
2018-04-15 16:47:47 INFO  ApacheHttpClient.sendEvent(464) - responseCode = 200
2018-04-15 16:48:47 INFO  ApacheHttpClient.sendEvent(464) - responseCode = 200
2018-04-15 16:49:47 INFO  ApacheHttpClient.sendEvent(464) - responseCode = 200
2018-04-15 16:50:47 INFO  ApacheHttpClient.sendEvent(464) - responseCode = 200
2018-04-15 16:51:47 INFO  ApacheHttpClient.sendEvent(464) - responseCode = 200
2018-04-15 16:52:47 INFO  ApacheHttpClient.sendEvent(464) - responseCode = 200
2018-04-15 16:53:47 INFO  ApacheHttpClient.sendEvent(464) - responseCode = 200
2018-04-15 16:54:47 INFO  ApacheHttpClient.sendEvent(464) - responseCode = 200
2018-04-15 16:55:47 INFO  ApacheHttpClient.sendEvent(464) - responseCode = 200
2018-04-15 16:56:47 INFO  ApacheHttpClient.sendEvent(464) - responseCode = 200
2018-04-15 16:57:47 INFO  ApacheHttpClient.sendEvent(464) - responseCode = 200
2018-04-15 16:58:47 INFO  ApacheHttpClient.sendEvent(464) - responseCode = 200
2018-04-15 16:59:47 INFO  ApacheHttpClient.sendEvent(464) - responseCode = 200
2018-04-15 17:00:47 INFO  ApacheHttpClient.sendEvent(464) - responseCode = 200
2018-04-15 17:01:47 INFO  ApacheHttpClient.sendEvent(464) - responseCode = 200
2018-04-15 17:02:47 INFO  ApacheHttpClient.sendEvent(464) - responseCode = 200
2018-04-15 17:03:47 INFO  ApacheHttpClient.sendEvent(464) - responseCode = 200
2018-04-15 17:04:47 INFO  ApacheHttpClient.sendEvent(464) - responseCode = 200
2018-04-15 17:05:47 INFO  ApacheHttpClient.sendEvent(464) - responseCode = 200
2018-04-15 17:06:47 INFO  ApacheHttpClient.sendEvent(464) - responseCode = 200
2018-04-15 17:07:47 INFO  ApacheHttpClient.sendEvent(464) - responseCode = 200
2018-04-15 17:08:47 INFO  ApacheHttpClient.sendEvent(464) - responseCode = 200
2018-04-15 17:09:47 INFO  ApacheHttpClient.sendEvent(464) - responseCode = 200
2018-04-15 17:10:47 INFO  ApacheHttpClient.sendEvent(464) - responseCode = 200
2018-04-15 17:11:47 INFO  ApacheHttpClient.sendEvent(464) - responseCode = 200
2018-04-15 17:12:47 INFO  ApacheHttpClient.sendEvent(464) - responseCode = 200
2018-04-15 17:13:47 INFO  ApacheHttpClient.sendEvent(464) - responseCode = 200
2018-04-15 17:14:47 INFO  ApacheHttpClient.sendEvent(464) - responseCode = 200
2018-04-15 17:15:47 INFO  ApacheHttpClient.sendEvent(464) - responseCode = 200
2018-04-15 17:16:47 INFO  ApacheHttpClient.sendEvent(464) - responseCode = 200
2018-04-15 17:17:47 INFO  ApacheHttpClient.sendEvent(464) - responseCode = 200
2018-04-15 17:18:47 INFO  ApacheHttpClient.sendEvent(464) - responseCode = 200
2018-04-15 17:19:47 INFO  ApacheHttpClient.sendEvent(464) - responseCode = 200
2018-04-15 17:20:47 INFO  ApacheHttpClient.sendEvent(464) - responseCode = 200
2018-04-15 17:21:47 INFO  ApacheHttpClient.sendEvent(464) - responseCode = 200
2018-04-15 17:22:47 INFO  ApacheHttpClient.sendEvent(464) - responseCode = 200
2018-04-15 17:23:47 INFO  ApacheHttpClient.sendEvent(464) - responseCode = 200
2018-04-15 17:24:47 INFO  ApacheHttpClient.sendEvent(464) - responseCode = 200
2018-04-15 17:25:47 INFO  ApacheHttpClient.sendEvent(464) - responseCode = 200
2018-04-15 17:26:47 INFO  ApacheHttpClient.sendEvent(464) - responseCode = 200
2018-04-15 17:27:47 INFO  ApacheHttpClient.sendEvent(464) - responseCode = 200
2018-04-15 17:28:47 INFO  ApacheHttpClient.sendEvent(464) - responseCode = 200
2018-04-15 17:29:47 INFO  ApacheHttpClient.sendEvent(464) - responseCode = 200
2018-04-15 17:30:47 INFO  ApacheHttpClient.sendEvent(464) - responseCode = 200
2018-04-15 17:31:47 INFO  ApacheHttpClient.sendEvent(464) - responseCode = 200
2018-04-15 17:32:47 INFO  ApacheHttpClient.sendEvent(464) - responseCode = 200
2018-04-15 17:33:47 INFO  ApacheHttpClient.sendEvent(464) - responseCode = 200
2018-04-15 17:34:47 INFO  ApacheHttpClient.sendEvent(464) - responseCode = 200
2018-04-15 17:35:47 INFO  ApacheHttpClient.sendEvent(464) - responseCode = 200
2018-04-15 17:36:47 INFO  ApacheHttpClient.sendEvent(464) - responseCode = 200
2018-04-15 17:37:47 INFO  ApacheHttpClient.sendEvent(464) - responseCode = 200
2018-04-15 17:38:47 INFO  ApacheHttpClient.sendEvent(464) - responseCode = 200
2018-04-15 17:39:47 INFO  ApacheHttpClient.sendEvent(464) - responseCode = 200
2018-04-15 17:40:47 INFO  ApacheHttpClient.sendEvent(464) - responseCode = 200
2018-04-15 17:41:47 INFO  ApacheHttpClient.sendEvent(464) - responseCode = 200
2018-04-15 17:42:47 INFO  ApacheHttpClient.sendEvent(464) - responseCode = 200
2018-04-15 17:43:47 INFO  ApacheHttpClient.sendEvent(464) - responseCode = 200
2018-04-15 17:44:47 INFO  ApacheHttpClient.sendEvent(464) - responseCode = 200
2018-04-15 17:45:47 INFO  ApacheHttpClient.sendEvent(464) - responseCode = 200
2018-04-15 17:46:47 INFO  ApacheHttpClient.sendEvent(464) - responseCode = 200
2018-04-15 17:47:47 INFO  ApacheHttpClient.sendEvent(464) - responseCode = 200
2018-04-15 17:48:47 INFO  ApacheHttpClient.sendEvent(464) - responseCode = 200
2018-04-15 17:49:47 INFO  ApacheHttpClient.sendEvent(464) - responseCode = 200
2018-04-15 17:50:47 INFO  ApacheHttpClient.sendEvent(464) - responseCode = 200
2018-04-15 17:51:47 INFO  ApacheHttpClient.sendEvent(464) - responseCode = 200
2018-04-15 17:52:47 INFO  ApacheHttpClient.sendEvent(464) - responseCode = 200
2018-04-15 17:53:47 INFO  ApacheHttpClient.sendEvent(464) - responseCode = 200
2018-04-15 17:54:47 INFO  ApacheHttpClient.sendEvent(464) - responseCode = 200
2018-04-15 17:55:47 INFO  ApacheHttpClient.sendEvent(464) - responseCode = 200
2018-04-15 17:56:34 INFO  ApacheHttpClient.getWebResourceAsStream(431) - responseCode = 200
2018-04-15 17:56:34 INFO  ApacheHttpClient.getTask(416) - responseCode = 200
2018-04-15 17:56:47 INFO  ApacheHttpClient.sendEvent(464) - responseCode = 200
2018-04-15 17:57:47 INFO  ApacheHttpClient.sendEvent(464) - responseCode = 200
2018-04-15 17:58:47 INFO  ApacheHttpClient.sendEvent(464) - responseCode = 200
2018-04-15 17:59:47 INFO  ApacheHttpClient.sendEvent(464) - responseCode = 200
2018-04-15 18:00:47 INFO  ApacheHttpClient.sendEvent(464) - responseCode = 200
2018-04-15 18:01:47 INFO  ApacheHttpClient.sendEvent(464) - responseCode = 200
2018-04-15 18:02:47 INFO  ApacheHttpClient.sendEvent(464) - responseCode = 200
2018-04-15 18:03:47 INFO  ApacheHttpClient.sendEvent(464) - responseCode = 200
2018-04-15 18:04:47 INFO  ApacheHttpClient.sendEvent(464) - responseCode = 200
2018-04-15 18:05:47 INFO  ApacheHttpClient.sendEvent(464) - responseCode = 200
2018-04-15 18:06:47 INFO  ApacheHttpClient.sendEvent(464) - responseCode = 200
2018-04-15 18:07:47 INFO  ApacheHttpClient.sendEvent(464) - responseCode = 200
2018-04-15 18:08:47 INFO  ApacheHttpClient.sendEvent(464) - responseCode = 200
2018-04-15 18:09:47 INFO  ApacheHttpClient.sendEvent(464) - responseCode = 200
2018-04-15 18:10:47 INFO  ApacheHttpClient.sendEvent(464) - responseCode = 200
2018-04-15 18:11:47 INFO  ApacheHttpClient.sendEvent(464) - responseCode = 200
2018-04-15 18:12:47 INFO  ApacheHttpClient.sendEvent(464) - responseCode = 200
2018-04-15 18:13:47 INFO  ApacheHttpClient.sendEvent(464) - responseCode = 200
2018-04-15 18:14:47 INFO  ApacheHttpClient.sendEvent(464) - responseCode = 200
2018-04-15 18:15:47 INFO  ApacheHttpClient.sendEvent(464) - responseCode = 200
2018-04-15 18:16:47 INFO  ApacheHttpClient.sendEvent(464) - responseCode = 200
2018-04-15 18:17:47 INFO  ApacheHttpClient.sendEvent(464) - responseCode = 200
2018-04-15 18:18:47 INFO  ApacheHttpClient.sendEvent(464) - responseCode = 200
2018-04-15 18:19:47 INFO  ApacheHttpClient.sendEvent(464) - responseCode = 200
2018-04-15 18:20:47 INFO  ApacheHttpClient.sendEvent(464) - responseCode = 200
2018-04-15 18:21:47 INFO  ApacheHttpClient.sendEvent(464) - responseCode = 200
2018-04-15 18:22:47 INFO  ApacheHttpClient.sendEvent(464) - responseCode = 200
2018-04-15 18:23:47 INFO  ApacheHttpClient.sendEvent(464) - responseCode = 200
2018-04-15 18:24:47 INFO  ApacheHttpClient.sendEvent(464) - responseCode = 200
2018-04-15 18:25:47 INFO  ApacheHttpClient.sendEvent(464) - responseCode = 200
2018-04-15 18:26:47 INFO  ApacheHttpClient.sendEvent(464) - responseCode = 200
2018-04-15 18:27:47 INFO  ApacheHttpClient.sendEvent(464) - responseCode = 200
2018-04-15 18:28:47 INFO  ApacheHttpClient.sendEvent(464) - responseCode = 200
2018-04-15 18:29:47 INFO  ApacheHttpClient.sendEvent(464) - responseCode = 200
2018-04-15 18:30:47 INFO  ApacheHttpClient.sendEvent(464) - responseCode = 200
2018-04-15 18:31:47 INFO  ApacheHttpClient.sendEvent(464) - responseCode = 200
2018-04-15 18:32:47 INFO  ApacheHttpClient.sendEvent(464) - responseCode = 200
2018-04-15 18:33:47 INFO  ApacheHttpClient.sendEvent(464) - responseCode = 200
2018-04-15 18:34:47 INFO  ApacheHttpClient.sendEvent(464) - responseCode = 200
2018-04-15 18:35:47 INFO  ApacheHttpClient.sendEvent(464) - responseCode = 200
2018-04-15 18:36:47 INFO  ApacheHttpClient.sendEvent(464) - responseCode = 200
2018-04-15 18:37:47 INFO  ApacheHttpClient.sendEvent(464) - responseCode = 200
2018-04-15 18:38:47 INFO  ApacheHttpClient.sendEvent(464) - responseCode = 200
2018-04-15 18:39:47 INFO  ApacheHttpClient.sendEvent(464) - responseCode = 200
2018-04-15 18:40:47 INFO  ApacheHttpClient.sendEvent(464) - responseCode = 200
2018-04-15 18:41:47 INFO  ApacheHttpClient.sendEvent(464) - responseCode = 200
2018-04-15 18:42:47 INFO  ApacheHttpClient.sendEvent(464) - responseCode = 200
2018-04-15 18:43:47 INFO  ApacheHttpClient.sendEvent(464) - responseCode = 200
2018-04-15 18:44:47 INFO  ApacheHttpClient.sendEvent(464) - responseCode = 200
2018-04-15 18:45:46 INFO  ApacheHttpClient.getWebResourceAsStream(431) - responseCode = 200
2018-04-15 18:45:46 INFO  ApacheHttpClient.getTask(416) - responseCode = 200
2018-04-15 18:45:47 INFO  ApacheHttpClient.sendEvent(464) - responseCode = 200
2018-04-15 18:45:48 INFO  ApacheHttpClient.getWebResourceAsStream(431) - responseCode = 200
2018-04-15 18:45:48 INFO  ApacheHttpClient.completed(27) - responseCode = 200
2018-04-15 18:45:49 INFO  ApacheHttpClient.getTask(416) - responseCode = 200
2018-04-15 18:46:47 INFO  ApacheHttpClient.sendEvent(464) - responseCode = 200
2018-04-15 18:47:47 INFO  ApacheHttpClient.sendEvent(464) - responseCode = 200
2018-04-15 18:48:47 INFO  ApacheHttpClient.sendEvent(464) - responseCode = 200
2018-04-15 18:49:47 INFO  ApacheHttpClient.sendEvent(464) - responseCode = 200
2018-04-15 18:50:47 INFO  ApacheHttpClient.sendEvent(464) - responseCode = 200
2018-04-15 18:51:47 INFO  ApacheHttpClient.sendEvent(464) - responseCode = 200
2018-04-15 18:52:47 INFO  ApacheHttpClient.sendEvent(464) - responseCode = 200
2018-04-15 18:52:53 INFO  ApacheHttpClient.getWebResourceAsStream(431) - responseCode = 200
2018-04-15 18:52:53 INFO  ApacheHttpClient.getTask(416) - responseCode = 200
2018-04-15 18:52:53 INFO  ApacheHttpClient.getWebResourceAsStream(431) - responseCode = 200
2018-04-15 18:52:55 INFO  ApacheHttpClient.completed(27) - responseCode = 200
2018-04-15 18:52:55 INFO  ApacheHttpClient.getTask(416) - responseCode = 200
2018-04-15 18:53:47 INFO  ApacheHttpClient.sendEvent(464) - responseCode = 200
